2020-05-04 17:36:08,636 INFO open empty service auto clean job, initialDelay : 50000 ms, period : 30000 ms

2020-05-04 17:36:08,641 INFO listen for service meta change

2020-05-04 17:39:05,643 INFO open empty service auto clean job, initialDelay : 50000 ms, period : 30000 ms

2020-05-04 17:39:05,646 INFO listen for service meta change

2020-05-04 17:42:03,048 INFO open empty service auto clean job, initialDelay : 50000 ms, period : 30000 ms

2020-05-04 17:42:03,051 INFO listen for service meta change

2020-05-04 17:42:09,281 INFO [SERVER-INIT] got port: 8848

2020-05-04 17:42:09,281 INFO [SERVER-INIT] got path: /nacos

2020-05-04 17:42:10,039 INFO receive config info: unknown#435ed7013a1f:8848#1588585330038#1


2020-05-04 17:42:12,041 INFO [NACOS-DISTRO] healthy server list changed, old: [], new: [{"adWeight":0,"alive":true,"ip":"435ed7013a1f","key":"435ed7013a1f:8848","lastRefTime":1588585330038,"lastRefTimeStr":"2020-05-04 17:42:10","servePort":8848,"site":"unknown","weight":1}]

2020-05-04 17:42:12,041 INFO [NACOS-DISTRO] disable health check for 60000 ms from now on.

2020-05-04 17:42:12,042 INFO receive config info: unknown#435ed7013a1f:8848#1588585332042#1


2020-05-04 17:42:14,043 INFO receive config info: unknown#435ed7013a1f:8848#1588585334043#1


2020-05-04 17:42:16,047 INFO receive config info: unknown#435ed7013a1f:8848#1588585336047#1


2020-05-04 17:42:18,049 INFO receive config info: unknown#435ed7013a1f:8848#1588585338049#1


2020-05-04 17:42:20,050 INFO receive config info: unknown#435ed7013a1f:8848#1588585340050#1


2020-05-04 17:42:22,051 INFO receive config info: unknown#435ed7013a1f:8848#1588585342051#1


2020-05-04 17:42:24,053 INFO receive config info: unknown#435ed7013a1f:8848#1588585344053#1


2020-05-04 17:42:26,055 INFO receive config info: unknown#435ed7013a1f:8848#1588585346055#1


2020-05-04 17:42:28,056 INFO receive config info: unknown#435ed7013a1f:8848#1588585348056#1


2020-05-04 17:42:30,057 INFO receive config info: unknown#435ed7013a1f:8848#1588585350057#1


2020-05-04 17:42:32,059 INFO receive config info: unknown#435ed7013a1f:8848#1588585352059#1


2020-05-04 17:42:34,027 INFO receive config info: unknown#435ed7013a1f:8848#1588585354027#1


2020-05-04 17:42:36,028 INFO receive config info: unknown#435ed7013a1f:8848#1588585356028#1


2020-05-04 17:42:38,029 INFO receive config info: unknown#435ed7013a1f:8848#1588585358029#1


2020-05-04 17:42:40,030 INFO receive config info: unknown#435ed7013a1f:8848#1588585360030#1


2020-05-04 17:42:42,034 INFO receive config info: unknown#435ed7013a1f:8848#1588585362034#1


2020-05-04 17:42:44,036 INFO receive config info: unknown#435ed7013a1f:8848#1588585364036#1


2020-05-04 17:42:46,037 INFO receive config info: unknown#435ed7013a1f:8848#1588585366037#1


2020-05-04 17:42:48,039 INFO receive config info: unknown#435ed7013a1f:8848#1588585368038#1


2020-05-04 17:42:50,040 INFO receive config info: unknown#435ed7013a1f:8848#1588585370040#1


2020-05-04 17:42:52,042 INFO receive config info: unknown#435ed7013a1f:8848#1588585372042#1


2020-05-04 17:42:54,044 INFO receive config info: unknown#435ed7013a1f:8848#1588585374044#1


2020-05-04 17:42:56,046 INFO receive config info: unknown#435ed7013a1f:8848#1588585376046#1


2020-05-04 17:42:58,049 INFO receive config info: unknown#435ed7013a1f:8848#1588585378049#1


2020-05-04 17:43:00,050 INFO receive config info: unknown#435ed7013a1f:8848#1588585380050#1


2020-05-04 17:43:02,017 INFO receive config info: unknown#435ed7013a1f:8848#1588585382017#1


2020-05-04 17:43:04,018 INFO receive config info: unknown#435ed7013a1f:8848#1588585384018#1


2020-05-04 17:43:06,021 INFO receive config info: unknown#435ed7013a1f:8848#1588585386021#1


2020-05-04 17:43:08,024 INFO receive config info: unknown#435ed7013a1f:8848#1588585388024#1


2020-05-04 17:43:10,026 INFO receive config info: unknown#435ed7013a1f:8848#1588585390026#1


2020-05-04 17:43:12,027 INFO receive config info: unknown#435ed7013a1f:8848#1588585392027#1


2020-05-04 17:43:14,028 INFO [NACOS-DISTRO] distro threshold restored and stable now, enable health check. current ratio: 1.0

2020-05-04 17:43:14,028 INFO receive config info: unknown#435ed7013a1f:8848#1588585394028#1


2020-05-04 17:43:16,031 INFO receive config info: unknown#435ed7013a1f:8848#1588585396031#1


2020-05-04 17:43:18,033 INFO receive config info: unknown#435ed7013a1f:8848#1588585398033#1


2020-05-04 17:43:20,036 INFO receive config info: unknown#435ed7013a1f:8848#1588585400036#1


2020-05-04 17:43:22,039 INFO receive config info: unknown#435ed7013a1f:8848#1588585402039#1


2020-05-04 17:43:24,040 INFO receive config info: unknown#435ed7013a1f:8848#1588585404040#1


2020-05-04 17:43:26,042 INFO receive config info: unknown#435ed7013a1f:8848#1588585406042#1


2020-05-04 17:43:28,046 INFO receive config info: unknown#435ed7013a1f:8848#1588585408046#1


2020-05-04 17:43:30,048 INFO receive config info: unknown#435ed7013a1f:8848#1588585410048#1


2020-05-04 17:43:32,016 INFO receive config info: unknown#435ed7013a1f:8848#1588585412016#1


2020-05-04 17:43:34,017 INFO receive config info: unknown#435ed7013a1f:8848#1588585414017#1


2020-05-04 17:43:36,019 INFO receive config info: unknown#435ed7013a1f:8848#1588585416019#1


2020-05-04 17:43:38,020 INFO receive config info: unknown#435ed7013a1f:8848#1588585418020#1


2020-05-04 17:43:40,023 INFO receive config info: unknown#435ed7013a1f:8848#1588585420023#1


2020-05-04 17:43:42,025 INFO receive config info: unknown#435ed7013a1f:8848#1588585422025#1


